Scaffold15/app/build/intermediates/manifest_merge_blame_file/debug/manifest-merger-blame-debug-report.txt
1<?xml version="1.0" encoding="utf-8"?>
2<manifest xmlns:android="http://schemas.android.com/apk/res/android"
3    package="dadm.scaffold"
4    android:versionCode="1"
5    android:versionName="1.0" >
6
7    <uses-sdk
7-->src\main\AndroidManifest.xml:5:5-7:41
8        android:minSdkVersion="16"
8-->src\main\AndroidManifest.xml:6:9-35
9        android:targetSdkVersion="31" />
9-->src\main\AndroidManifest.xml:7:9-38
10
11    <application
11-->src\main\AndroidManifest.xml:9:5-34:19
12        android:allowBackup="true"
12-->src\main\AndroidManifest.xml:10:9-35
13        android:appComponentFactory="androidx.core.app.CoreComponentFactory"
13-->[androidx.core:core:1.5.0] AndroidManifest.xml:24:18-86
14        android:debuggable="true"
15        android:icon="@mipmap/ic_launcher"
15-->src\main\AndroidManifest.xml:11:9-43
16        android:label="@string/app_name"
16-->src\main\AndroidManifest.xml:12:9-41
17        android:roundIcon="@mipmap/ic_launcher_round"
17-->src\main\AndroidManifest.xml:13:9-54
18        android:supportsRtl="true"
18-->src\main\AndroidManifest.xml:14:9-35
19        android:theme="@style/AppTheme" >
19-->src\main\AndroidManifest.xml:15:9-40
20        <activity
20-->src\main\AndroidManifest.xml:16:9-18:40
21            android:name="dadm.scaffold.ScoreMenuActivity"
21-->src\main\AndroidManifest.xml:17:13-46
22            android:exported="false" />
22-->src\main\AndroidManifest.xml:18:13-37
23        <activity
23-->src\main\AndroidManifest.xml:19:9-29:20
24            android:name="dadm.scaffold.ScaffoldActivity"
24-->src\main\AndroidManifest.xml:20:13-45
25            android:exported="true"
25-->src\main\AndroidManifest.xml:21:13-36
26            android:label="@string/title_activity_main"
26-->src\main\AndroidManifest.xml:22:13-56
27            android:screenOrientation="sensorPortrait" >
27-->src\main\AndroidManifest.xml:23:13-55
28            <intent-filter>
28-->src\main\AndroidManifest.xml:24:13-28:29
29                <action android:name="android.intent.action.MAIN" />
29-->src\main\AndroidManifest.xml:25:17-69
29-->src\main\AndroidManifest.xml:25:25-66
30
31                <category android:name="android.intent.category.LAUNCHER" />
31-->src\main\AndroidManifest.xml:27:17-77
31-->src\main\AndroidManifest.xml:27:27-74
32            </intent-filter>
33        </activity>
34
35        <meta-data
35-->src\main\AndroidManifest.xml:31:9-33:57
36            android:name="preloaded_fonts"
36-->src\main\AndroidManifest.xml:32:13-43
37            android:resource="@array/preloaded_fonts" />
37-->src\main\AndroidManifest.xml:33:13-54
38    </application>
39
40</manifest>